<?xml version="1.0" encoding="UTF-8"?>
<!-- Generated by org.testng.reporters.JUnitReportReporter -->
<testsuite hostname="aadhya" name="test.Yahoo1" tests="2" failures="0" timestamp="12 Mar 2015 00:21:25 GMT" time="0.001" errors="0">
  <testcase name="testReceiveMail" time="0.000" classname="test.Yahoo1"/>
  <testcase name="testSendMail" time="0.001" classname="test.Yahoo1"/>
</testsuite>
