<?xml version="1.0" encoding="UTF-8"?>
<!-- Generated by org.testng.reporters.JUnitReportReporter -->
<testsuite hostname="aadhya" name="SampleTest" tests="2" failures="0" timestamp="13 Sep 2014 11:55:00 GMT" time="0.029" errors="0">
  <testcase name="testapp" time="0.001" classname="SampleTest"/>
  <testcase name="testLogin" time="0.028" classname="SampleTest"/>
</testsuite> <!-- SampleTest -->
