<?xml version="1.0" encoding="UTF-8"?>
<!-- Generated by org.testng.reporters.JUnitReportReporter -->
<testsuite hostname="aadhya" name="test.YahooTest" tests="2" failures="0" timestamp="13 Sep 2014 13:46:06 GMT" time="0.018" errors="0">
  <testcase name="testReceiveMail" time="0.014" classname="test.YahooTest"/>
  <testcase name="testSendMail" time="0.004" classname="test.YahooTest"/>
</testsuite> <!-- test.YahooTest -->
