<?xml version="1.0" encoding="UTF-8"?>
<!-- Generated by org.testng.reporters.JUnitReportReporter -->
<testsuite hostname="aadhya" name="org.testng.annotations.YahooTest" tests="2" failures="0" timestamp="13 Sep 2014 13:54:20 GMT" time="0.011" errors="0">
  <testcase name="testReceiveMail" time="0.010" classname="org.testng.annotations.YahooTest"/>
  <testcase name="testSendMail" time="0.001" classname="org.testng.annotations.YahooTest"/>
</testsuite> <!-- org.testng.annotations.YahooTest -->
