<?xml version="1.0" encoding="UTF-8"?>
<!-- Generated by org.testng.reporters.JUnitReportReporter -->
<testsuite hostname="aadhya" name="test.Yahoo" tests="1" failures="0" timestamp="12 Mar 2015 00:21:25 GMT" time="0.004" errors="0">
  <testcase name="YahooNewsTest" time="0.004" classname="test.Yahoo"/>
</testsuite>
